<?xml version="1.0" encoding="UTF-8"?>
<!-- Generated by org.testng.reporters.JUnitReportReporter -->
<testsuite hostname="LAPTOP-H222TN79" failures="0" tests="3" name="javapackage.TestNG1" time="0.010" errors="0" timestamp="2023-10-17T19:30:59 IST" skipped="0">
  <testcase classname="javapackage.TestNG1" name="z" time="0.001"/>
  <system-out/>
  <testcase classname="javapackage.TestNG1" name="a" time="0.008"/>
  <system-out/>
  <testcase classname="javapackage.TestNG1" name="b" time="0.001"/>
  <system-out/>
</testsuite> <!-- javapackage.TestNG1 -->
