<?xml version="1.0" encoding="UTF-8"?>
<!-- Generated by org.testng.reporters.JUnitReportReporter -->
<testsuite hostname="LAPTOP-H222TN79" failures="0" tests="2" name="javapackage.TestNG2" time="0.011" errors="0" timestamp="2023-10-17T19:56:56 IST" skipped="0">
  <testcase classname="javapackage.TestNG2" name="h" time="0.006"/>
  <system-out/>
  <testcase classname="javapackage.TestNG2" name="x" time="0.005"/>
  <system-out/>
</testsuite> <!-- javapackage.TestNG2 -->
